<?xml version="1.0" encoding="UTF-8"?>
<testng-results skipped="0" failed="0" total="2" passed="2">
  <reporter-output>
  </reporter-output>
  <suite name="Default suite" duration-ms="96796" started-at="2017-07-29T07:40:17Z" finished-at="2017-07-29T07:41:54Z">
    <groups>
    </groups>
    <test name="Default test" duration-ms="96796" started-at="2017-07-29T07:40:17Z" finished-at="2017-07-29T07:41:54Z">
      <class name="DataDrivenTesting.ExcelUtilityImplementation">
        <test-method status="PASS" signature="beforeClass()[pri:0, instance:DataDrivenTesting.ExcelUtilityImplementation@10ab905]" name="beforeClass" is-config="true" duration-ms="69417" started-at="2017-07-29T13:10:17Z" finished-at="2017-07-29T13:11:27Z">
          <reporter-output>
          </reporter-output>
        </test-method> <!-- beforeClass -->
        <test-method status="PASS" signature="testUsingExcel(java.lang.String, java.lang.String)[pri:0, instance:DataDrivenTesting.ExcelUtilityImplementation@10ab905]" name="testUsingExcel" duration-ms="21997" started-at="2017-07-29T13:11:27Z" data-provider="loginData" finished-at="2017-07-29T13:11:49Z">
          <params>
            <param index="0">
              <value>
                <![CDATA[user@hello.com]]>
              </value>
            </param>
            <param index="1">
              <value>
                <![CDATA[pass_1]]>
              </value>
            </param>
          </params>
          <reporter-output>
          </reporter-output>
        </test-method> <!-- testUsingExcel -->
        <test-method status="PASS" signature="testUsingExcel(java.lang.String, java.lang.String)[pri:0, instance:DataDrivenTesting.ExcelUtilityImplementation@10ab905]" name="testUsingExcel" duration-ms="5271" started-at="2017-07-29T13:11:49Z" data-provider="loginData" finished-at="2017-07-29T13:11:54Z">
          <params>
            <param index="0">
              <value>
                <![CDATA[user2@hello2.com]]>
              </value>
            </param>
            <param index="1">
              <value>
                <![CDATA[pass_2]]>
              </value>
            </param>
          </params>
          <reporter-output>
          </reporter-output>
        </test-method> <!-- testUsingExcel -->
        <test-method status="PASS" signature="tearDown()[pri:0, instance:DataDrivenTesting.ExcelUtilityImplementation@10ab905]" name="tearDown" is-config="true" duration-ms="0" started-at="2017-07-29T13:11:54Z" finished-at="2017-07-29T13:11:54Z">
          <reporter-output>
          </reporter-output>
        </test-method> <!-- tearDown -->
      </class> <!-- DataDrivenTesting.ExcelUtilityImplementation -->
    </test> <!-- Default test -->
  </suite> <!-- Default suite -->
</testng-results>
